2023-08-10 10:00:27,277 INFO notifyConnectTimeout:100

2023-08-10 10:00:27,280 INFO notifySocketTimeout:200

2023-08-10 10:00:27,280 INFO isHealthCheck:true

2023-08-10 10:00:27,280 INFO maxHealthCheckFailCount:12

2023-08-10 10:00:27,280 INFO maxContent:10485760

2023-08-10 10:00:33,012 WARN DumpService start

2023-08-10 10:00:33,012 INFO start clear all config-info.

2023-08-10 10:00:33,013 WARN clear all config-info failed.

2023-08-10 10:00:33,013 WARN clear all config-info-tenant failed.

2023-08-10 10:00:33,156 INFO [all-dump] 662556833593954304 / 662556833593954304

2023-08-10 10:00:33,156 INFO start clear all config-info-beta.

2023-08-10 10:00:33,157 WARN clear all config-info-beta failed.

2023-08-10 10:00:33,157 WARN clear all config-info-beta-tenant failed.

2023-08-10 10:00:33,175 INFO start clear all config-info-tag.

2023-08-10 10:00:33,175 WARN clear all config-info-tag failed.

2023-08-10 10:00:33,176 WARN clear all config-info-tag-tenant failed.

2023-08-10 13:41:07,680 INFO notifyConnectTimeout:100

2023-08-10 13:41:07,685 INFO notifySocketTimeout:200

2023-08-10 13:41:07,685 INFO isHealthCheck:true

2023-08-10 13:41:07,685 INFO maxHealthCheckFailCount:12

2023-08-10 13:41:07,685 INFO maxContent:10485760

2023-08-10 13:41:13,208 WARN DumpService start

2023-08-10 13:41:13,210 INFO start clear all config-info.

2023-08-10 13:41:13,212 WARN clear all config-info failed.

2023-08-10 13:41:13,212 WARN clear all config-info-tenant failed.

2023-08-10 13:41:13,360 INFO [all-dump] 662556833593954304 / 662556833593954304

2023-08-10 13:41:13,360 INFO start clear all config-info-beta.

2023-08-10 13:41:13,361 WARN clear all config-info-beta failed.

2023-08-10 13:41:13,361 WARN clear all config-info-beta-tenant failed.

2023-08-10 13:41:13,379 INFO start clear all config-info-tag.

2023-08-10 13:41:13,379 WARN clear all config-info-tag failed.

2023-08-10 13:41:13,380 WARN clear all config-info-tag-tenant failed.

