2023-08-10 10:00:33,155 INFO [dump] md5 changed, update md5 and timestamp in jvm cache ,groupKey=BorrowService-dev.yml+DEFAULT_GROUP, newMd5=edbf6410733900a2415c3d4c3648d893,oldMd5=,lastModifiedTs=1691400518791

2023-08-10 10:00:33,156 INFO [dump-all-ok] BorrowService-dev.yml+DEFAULT_GROUP, 1691400518791, length=659, md5=edbf6410733900a2415c3d4c3648d893

2023-08-10 10:40:33,555 INFO [dump] add formal task. groupKey=seataServer.properties+SEATA_GROUP

2023-08-10 10:40:33,661 INFO [dump] process formal task. groupKey=seataServer.properties+SEATA_GROUP

2023-08-10 10:40:33,662 INFO [dump] md5 changed, update md5 and timestamp in jvm cache ,groupKey=seataServer.properties+SEATA_GROUP, newMd5=68c84408aa93a85fd71393456c4e1c15,oldMd5=,lastModifiedTs=0

2023-08-10 10:42:39,850 INFO [dump] add formal task. groupKey=seataServer.properties+SEATA_GROUP

2023-08-10 10:42:39,922 INFO [dump] process formal task. groupKey=seataServer.properties+SEATA_GROUP

2023-08-10 10:42:39,922 INFO [dump] remove  local jvm cache,groupKey=seataServer.properties+SEATA_GROUP 

2023-08-10 13:41:13,360 INFO [dump] md5 changed, update md5 and timestamp in jvm cache ,groupKey=BorrowService-dev.yml+DEFAULT_GROUP, newMd5=edbf6410733900a2415c3d4c3648d893,oldMd5=,lastModifiedTs=1691400518791

2023-08-10 13:41:13,360 INFO [dump-all-ok] BorrowService-dev.yml+DEFAULT_GROUP, 1691400518791, length=659, md5=edbf6410733900a2415c3d4c3648d893

2023-08-10 13:48:42,176 INFO [dump] add formal task. groupKey=seataServer.properties+SEATA_GROUP

2023-08-10 13:48:42,287 INFO [dump] process formal task. groupKey=seataServer.properties+SEATA_GROUP

2023-08-10 13:48:42,291 INFO [dump] md5 changed, update md5 and timestamp in jvm cache ,groupKey=seataServer.properties+SEATA_GROUP, newMd5=81e862755016f7f5b9b7f34df5e669d3,oldMd5=,lastModifiedTs=0

2023-08-10 13:52:47,567 INFO [dump] add formal task. groupKey=seataServer.properties+SEATA_GROUP

2023-08-10 13:52:47,658 INFO [dump] process formal task. groupKey=seataServer.properties+SEATA_GROUP

2023-08-10 13:52:47,659 INFO [dump] md5 changed, update md5 and timestamp in jvm cache ,groupKey=seataServer.properties+SEATA_GROUP, newMd5=f980923e10a91d66d13c7e3a201a9647,oldMd5=81e862755016f7f5b9b7f34df5e669d3,lastModifiedTs=0

2023-08-10 13:58:00,247 INFO [dump] add formal task. groupKey=service.vgroupMapping.mv_tx_group+SEATA_GROUP

2023-08-10 13:58:00,319 INFO [dump] process formal task. groupKey=service.vgroupMapping.mv_tx_group+SEATA_GROUP

2023-08-10 13:58:00,320 INFO [dump] md5 changed, update md5 and timestamp in jvm cache ,groupKey=service.vgroupMapping.mv_tx_group+SEATA_GROUP, newMd5=c21f969b5f03d33d43e04f8f136e7682,oldMd5=,lastModifiedTs=0

2023-08-10 14:00:56,033 INFO [dump] add formal task. groupKey=service.vgroupMapping.mv_tx_group+SEATA_GROUP

2023-08-10 14:00:56,131 INFO [dump] process formal task. groupKey=service.vgroupMapping.mv_tx_group+SEATA_GROUP

2023-08-10 14:00:56,132 INFO [dump] remove  local jvm cache,groupKey=service.vgroupMapping.mv_tx_group+SEATA_GROUP 

2023-08-10 14:01:27,769 INFO [dump] add formal task. groupKey=seataServer.properties+SEATA_GROUP

2023-08-10 14:01:27,860 INFO [dump] process formal task. groupKey=seataServer.properties+SEATA_GROUP

2023-08-10 14:01:27,861 INFO [dump] md5 changed, update md5 and timestamp in jvm cache ,groupKey=seataServer.properties+SEATA_GROUP, newMd5=06348d21fbccb6b25ec36322ea1984b8,oldMd5=f980923e10a91d66d13c7e3a201a9647,lastModifiedTs=0

2023-08-10 14:09:11,682 INFO [dump] add formal task. groupKey=seataGroup.properties+SEATA_GROUP+8ab31473-b8fb-47c7-a8ef-c55ff4127c28

2023-08-10 14:09:11,722 INFO [dump] process formal task. groupKey=seataGroup.properties+SEATA_GROUP+8ab31473-b8fb-47c7-a8ef-c55ff4127c28

2023-08-10 14:09:11,722 INFO [dump] md5 changed, update md5 and timestamp in jvm cache ,groupKey=seataGroup.properties+SEATA_GROUP+8ab31473-b8fb-47c7-a8ef-c55ff4127c28, newMd5=8299ef466fadb2531d609afc79a174f9,oldMd5=,lastModifiedTs=0

2023-08-10 14:09:20,710 INFO [dump] add formal task. groupKey=seataServer.properties+SEATA_GROUP

2023-08-10 14:09:20,771 INFO [dump] process formal task. groupKey=seataServer.properties+SEATA_GROUP

2023-08-10 14:09:20,771 INFO [dump] remove  local jvm cache,groupKey=seataServer.properties+SEATA_GROUP 

2023-08-10 14:11:49,400 INFO [dump] add formal task. groupKey=service.vgroupMapping.BorrowService-seata-service-group+SEATA_GROUP+8ab31473-b8fb-47c7-a8ef-c55ff4127c28

2023-08-10 14:11:49,406 INFO [dump] process formal task. groupKey=service.vgroupMapping.BorrowService-seata-service-group+SEATA_GROUP+8ab31473-b8fb-47c7-a8ef-c55ff4127c28

2023-08-10 14:11:49,406 INFO [dump] md5 changed, update md5 and timestamp in jvm cache ,groupKey=service.vgroupMapping.BorrowService-seata-service-group+SEATA_GROUP+8ab31473-b8fb-47c7-a8ef-c55ff4127c28, newMd5=0fd7c55db44c16183a8183df5e54465b,oldMd5=,lastModifiedTs=0

2023-08-10 14:12:15,881 INFO [dump] add formal task. groupKey=service.vgroupMapping.BookService-seata-service-group+SEATA_GROUP+8ab31473-b8fb-47c7-a8ef-c55ff4127c28

2023-08-10 14:12:15,908 INFO [dump] process formal task. groupKey=service.vgroupMapping.BookService-seata-service-group+SEATA_GROUP+8ab31473-b8fb-47c7-a8ef-c55ff4127c28

2023-08-10 14:12:15,908 INFO [dump] md5 changed, update md5 and timestamp in jvm cache ,groupKey=service.vgroupMapping.BookService-seata-service-group+SEATA_GROUP+8ab31473-b8fb-47c7-a8ef-c55ff4127c28, newMd5=a867d2d0ff74440714304270e4b9ace0,oldMd5=,lastModifiedTs=0

2023-08-10 14:12:50,657 INFO [dump] add formal task. groupKey=service.vgroupMapping.UserService-seata-service-group+SEATA_GROUP+8ab31473-b8fb-47c7-a8ef-c55ff4127c28

2023-08-10 14:12:50,750 INFO [dump] process formal task. groupKey=service.vgroupMapping.UserService-seata-service-group+SEATA_GROUP+8ab31473-b8fb-47c7-a8ef-c55ff4127c28

2023-08-10 14:12:50,750 INFO [dump] md5 changed, update md5 and timestamp in jvm cache ,groupKey=service.vgroupMapping.UserService-seata-service-group+SEATA_GROUP+8ab31473-b8fb-47c7-a8ef-c55ff4127c28, newMd5=ace074a5cf98efe500383acd80dd8e2e,oldMd5=,lastModifiedTs=0

2023-08-10 14:13:03,647 INFO [dump] add formal task. groupKey=service.vgroupMapping.BookService-seata-service-group+SEATA_GROUP+8ab31473-b8fb-47c7-a8ef-c55ff4127c28

2023-08-10 14:13:03,654 INFO [dump] process formal task. groupKey=service.vgroupMapping.BookService-seata-service-group+SEATA_GROUP+8ab31473-b8fb-47c7-a8ef-c55ff4127c28

2023-08-10 14:13:03,655 INFO [dump] md5 changed, update md5 and timestamp in jvm cache ,groupKey=service.vgroupMapping.BookService-seata-service-group+SEATA_GROUP+8ab31473-b8fb-47c7-a8ef-c55ff4127c28, newMd5=b1bcf2ff9751797c138354e3ac179dd9,oldMd5=a867d2d0ff74440714304270e4b9ace0,lastModifiedTs=0

2023-08-10 14:13:28,948 INFO [dump] add formal task. groupKey=seataGroup.properties+SEATA_GROUP+8ab31473-b8fb-47c7-a8ef-c55ff4127c28

2023-08-10 14:13:28,964 INFO [dump] process formal task. groupKey=seataGroup.properties+SEATA_GROUP+8ab31473-b8fb-47c7-a8ef-c55ff4127c28

2023-08-10 14:13:28,964 INFO [dump] md5 changed, update md5 and timestamp in jvm cache ,groupKey=seataGroup.properties+SEATA_GROUP+8ab31473-b8fb-47c7-a8ef-c55ff4127c28, newMd5=3c742de062db0f01dc09cd93770916a5,oldMd5=8299ef466fadb2531d609afc79a174f9,lastModifiedTs=0

2023-08-10 14:32:00,809 INFO [dump] add formal task. groupKey=seataGroup.properties+SEATA_GROUP+8ab31473-b8fb-47c7-a8ef-c55ff4127c28

2023-08-10 14:32:00,846 INFO [dump] process formal task. groupKey=seataGroup.properties+SEATA_GROUP+8ab31473-b8fb-47c7-a8ef-c55ff4127c28

2023-08-10 14:32:00,847 INFO [dump] md5 changed, update md5 and timestamp in jvm cache ,groupKey=seataGroup.properties+SEATA_GROUP+8ab31473-b8fb-47c7-a8ef-c55ff4127c28, newMd5=96c36051f2316a0684aff2a828ff5318,oldMd5=3c742de062db0f01dc09cd93770916a5,lastModifiedTs=0

2023-08-10 14:34:02,031 INFO [dump] add formal task. groupKey=service.vgroupMapping.default_tx_group+SEATA_GROUP+8ab31473-b8fb-47c7-a8ef-c55ff4127c28

2023-08-10 14:34:02,042 INFO [dump] process formal task. groupKey=service.vgroupMapping.default_tx_group+SEATA_GROUP+8ab31473-b8fb-47c7-a8ef-c55ff4127c28

2023-08-10 14:34:02,042 INFO [dump] md5 changed, update md5 and timestamp in jvm cache ,groupKey=service.vgroupMapping.default_tx_group+SEATA_GROUP+8ab31473-b8fb-47c7-a8ef-c55ff4127c28, newMd5=3aceea74389cff463a9449fcb0d525f4,oldMd5=,lastModifiedTs=0

2023-08-10 14:49:30,104 INFO [dump] add formal task. groupKey=seataGroup.properties+SEATA_GROUP+8ab31473-b8fb-47c7-a8ef-c55ff4127c28

2023-08-10 14:49:30,136 INFO [dump] process formal task. groupKey=seataGroup.properties+SEATA_GROUP+8ab31473-b8fb-47c7-a8ef-c55ff4127c28

2023-08-10 14:49:30,136 INFO [dump] remove  local jvm cache,groupKey=seataGroup.properties+SEATA_GROUP+8ab31473-b8fb-47c7-a8ef-c55ff4127c28 

2023-08-10 14:49:51,384 INFO [dump] add formal task. groupKey=seataServer.properties+SEATA_GROUP+8ab31473-b8fb-47c7-a8ef-c55ff4127c28

2023-08-10 14:49:51,486 INFO [dump] process formal task. groupKey=seataServer.properties+SEATA_GROUP+8ab31473-b8fb-47c7-a8ef-c55ff4127c28

2023-08-10 14:49:51,486 INFO [dump] md5 changed, update md5 and timestamp in jvm cache ,groupKey=seataServer.properties+SEATA_GROUP+8ab31473-b8fb-47c7-a8ef-c55ff4127c28, newMd5=aa1cc56e86199efdc7c16118eb29159c,oldMd5=,lastModifiedTs=0

2023-08-10 15:11:06,802 INFO [dump] add formal task. groupKey=service.vgroupMapping.default_tx_group+SEATA_GROUP+8ab31473-b8fb-47c7-a8ef-c55ff4127c28

2023-08-10 15:11:06,809 INFO [dump] process formal task. groupKey=service.vgroupMapping.default_tx_group+SEATA_GROUP+8ab31473-b8fb-47c7-a8ef-c55ff4127c28

2023-08-10 15:11:06,810 INFO [dump] remove  local jvm cache,groupKey=service.vgroupMapping.default_tx_group+SEATA_GROUP+8ab31473-b8fb-47c7-a8ef-c55ff4127c28 

2023-08-10 15:12:11,432 INFO [dump] add formal task. groupKey=service.vgroupMapping.default_tx_group+SEATA_GROUP+8ab31473-b8fb-47c7-a8ef-c55ff4127c28

2023-08-10 15:12:11,439 INFO [dump] process formal task. groupKey=service.vgroupMapping.default_tx_group+SEATA_GROUP+8ab31473-b8fb-47c7-a8ef-c55ff4127c28

2023-08-10 15:12:11,440 INFO [dump] md5 changed, update md5 and timestamp in jvm cache ,groupKey=service.vgroupMapping.default_tx_group+SEATA_GROUP+8ab31473-b8fb-47c7-a8ef-c55ff4127c28, newMd5=c21f969b5f03d33d43e04f8f136e7682,oldMd5=,lastModifiedTs=0

2023-08-10 15:12:39,620 INFO [dump] add formal task. groupKey=service.vgroupMapping.UserService-seata-service-group+SEATA_GROUP+8ab31473-b8fb-47c7-a8ef-c55ff4127c28

2023-08-10 15:12:39,640 INFO [dump] process formal task. groupKey=service.vgroupMapping.UserService-seata-service-group+SEATA_GROUP+8ab31473-b8fb-47c7-a8ef-c55ff4127c28

2023-08-10 15:12:39,640 INFO [dump] remove  local jvm cache,groupKey=service.vgroupMapping.UserService-seata-service-group+SEATA_GROUP+8ab31473-b8fb-47c7-a8ef-c55ff4127c28 

2023-08-10 15:12:42,363 INFO [dump] add formal task. groupKey=service.vgroupMapping.BookService-seata-service-group+SEATA_GROUP+8ab31473-b8fb-47c7-a8ef-c55ff4127c28

2023-08-10 15:12:42,381 INFO [dump] process formal task. groupKey=service.vgroupMapping.BookService-seata-service-group+SEATA_GROUP+8ab31473-b8fb-47c7-a8ef-c55ff4127c28

2023-08-10 15:12:42,381 INFO [dump] remove  local jvm cache,groupKey=service.vgroupMapping.BookService-seata-service-group+SEATA_GROUP+8ab31473-b8fb-47c7-a8ef-c55ff4127c28 

2023-08-10 15:12:44,747 INFO [dump] add formal task. groupKey=service.vgroupMapping.BorrowService-seata-service-group+SEATA_GROUP+8ab31473-b8fb-47c7-a8ef-c55ff4127c28

2023-08-10 15:12:44,783 INFO [dump] process formal task. groupKey=service.vgroupMapping.BorrowService-seata-service-group+SEATA_GROUP+8ab31473-b8fb-47c7-a8ef-c55ff4127c28

2023-08-10 15:12:44,783 INFO [dump] remove  local jvm cache,groupKey=service.vgroupMapping.BorrowService-seata-service-group+SEATA_GROUP+8ab31473-b8fb-47c7-a8ef-c55ff4127c28 

