2023-08-10 10:00:33,940 INFO Initializes the Raft protocol, raft-config info : {}

2023-08-10 10:00:34,188 INFO ========= The raft protocol is starting... =========

2023-08-10 10:00:34,208 INFO ========= The raft protocol start finished... =========

2023-08-10 10:00:34,242 INFO create raft group : naming_persistent_service_v2

2023-08-10 10:00:34,987 INFO snapshot start to load from : D:\web\Cloud_Demo\Spring_Cloud_Demo\nacos-server\nacos\data\protocol\raft\naming_persistent_service_v2\snapshot\snapshot_3

2023-08-10 10:00:34,993 INFO snapshot success to load from : D:\web\Cloud_Demo\Spring_Cloud_Demo\nacos-server\nacos\data\protocol\raft\naming_persistent_service_v2\snapshot\snapshot_3

2023-08-10 10:00:34,994 INFO This Raft event changes : RaftEvent{groupId='naming_persistent_service_v2', leader='null', term=null, raftClusterInfo=[192.168.202.1:7848]}

2023-08-10 10:00:35,026 INFO This Raft event changes : RaftEvent{groupId='naming_persistent_service_v2', leader='192.168.202.1:7848', term=4, raftClusterInfo=[192.168.202.1:7848]}

2023-08-10 10:00:35,056 INFO create raft group : naming_instance_metadata

2023-08-10 10:00:35,097 INFO This Raft event changes : RaftEvent{groupId='naming_instance_metadata', leader='null', term=null, raftClusterInfo=[192.168.202.1:7848]}

2023-08-10 10:00:35,104 INFO This Raft event changes : RaftEvent{groupId='naming_instance_metadata', leader='192.168.202.1:7848', term=4, raftClusterInfo=[192.168.202.1:7848]}

2023-08-10 10:00:35,106 INFO create raft group : naming_service_metadata

2023-08-10 10:00:35,141 INFO This Raft event changes : RaftEvent{groupId='naming_service_metadata', leader='null', term=null, raftClusterInfo=[192.168.202.1:7848]}

2023-08-10 10:00:35,146 INFO This Raft event changes : RaftEvent{groupId='naming_service_metadata', leader='192.168.202.1:7848', term=4, raftClusterInfo=[192.168.202.1:7848]}

2023-08-10 10:59:38,091 ERROR Fail to refresh leader for group : naming_persistent_service_v2, status is : Status[UNKNOWN<-1>: io.grpc.StatusRuntimeException: UNAVAILABLE: io exception]

2023-08-10 10:59:38,090 ERROR Fail to refresh leader for group : naming_instance_metadata, status is : Status[UNKNOWN<-1>: io.grpc.StatusRuntimeException: UNAVAILABLE: io exception]

2023-08-10 10:59:38,091 ERROR Fail to refresh leader for group : naming_service_metadata, status is : Status[UNKNOWN<-1>: io.grpc.StatusRuntimeException: UNAVAILABLE: io exception]

2023-08-10 10:59:39,107 ERROR Fail to refresh route configuration for group : naming_persistent_service_v2, status is : Status[UNKNOWN<-1>: Fail to init channel to 192.168.202.1:7848]

2023-08-10 10:59:43,110 ERROR Fail to refresh route configuration for group : naming_instance_metadata, status is : Status[UNKNOWN<-1>: null]

2023-08-10 10:59:43,110 ERROR Fail to refresh route configuration for group : naming_service_metadata, status is : Status[UNKNOWN<-1>: null]

2023-08-10 11:04:45,052 ERROR Fail to refresh raft metadata info for group : naming_service_metadata, error is : {}

java.util.concurrent.TimeoutException: null
	at com.alipay.sofa.jraft.rpc.impl.FutureImpl.get(FutureImpl.java:214)
	at com.alipay.sofa.jraft.RouteTable.refreshLeader(RouteTable.java:255)
	at com.alibaba.nacos.core.distributed.raft.JRaftServer.refreshRouteTable(JRaftServer.java:496)
	at com.alibaba.nacos.core.distributed.raft.JRaftServer.lambda$createMultiRaftGroup$1(JRaftServer.java:269)
	at java.base/java.util.concurrent.Executors$RunnableAdapter.call(Executors.java:539)
	at java.base/java.util.concurrent.FutureTask.runAndReset(FutureTask.java:305)
	at java.base/java.util.concurrent.ScheduledThreadPoolExecutor$ScheduledFutureTask.run(ScheduledThreadPoolExecutor.java:305)
	at java.base/java.util.concurrent.ThreadPoolExecutor.runWorker(ThreadPoolExecutor.java:1136)
	at java.base/java.util.concurrent.ThreadPoolExecutor$Worker.run(ThreadPoolExecutor.java:635)
	at java.base/java.lang.Thread.run(Thread.java:833)
2023-08-10 11:04:45,526 ERROR Fail to refresh raft metadata info for group : naming_persistent_service_v2, error is : {}

java.util.concurrent.TimeoutException: null
	at com.alipay.sofa.jraft.rpc.impl.FutureImpl.get(FutureImpl.java:214)
	at com.alipay.sofa.jraft.RouteTable.refreshLeader(RouteTable.java:255)
	at com.alibaba.nacos.core.distributed.raft.JRaftServer.refreshRouteTable(JRaftServer.java:496)
	at com.alibaba.nacos.core.distributed.raft.JRaftServer.lambda$createMultiRaftGroup$1(JRaftServer.java:269)
	at java.base/java.util.concurrent.Executors$RunnableAdapter.call(Executors.java:539)
	at java.base/java.util.concurrent.FutureTask.runAndReset(FutureTask.java:305)
	at java.base/java.util.concurrent.ScheduledThreadPoolExecutor$ScheduledFutureTask.run(ScheduledThreadPoolExecutor.java:305)
	at java.base/java.util.concurrent.ThreadPoolExecutor.runWorker(ThreadPoolExecutor.java:1136)
	at java.base/java.util.concurrent.ThreadPoolExecutor$Worker.run(ThreadPoolExecutor.java:635)
	at java.base/java.lang.Thread.run(Thread.java:833)
2023-08-10 11:04:45,526 ERROR Fail to refresh leader for group : naming_instance_metadata, status is : Status[UNKNOWN<-1>: io.grpc.StatusRuntimeException: DEADLINE_EXCEEDED: deadline exceeded after 4.886946700s. [closed=[], open=[[buffered_nanos=4895697600, waiting_for_connection]]]]

2023-08-10 11:04:50,054 ERROR Fail to refresh raft metadata info for group : naming_service_metadata, error is : {}

java.util.concurrent.TimeoutException: null
	at com.alipay.sofa.jraft.rpc.impl.FutureImpl.get(FutureImpl.java:214)
	at com.alipay.sofa.jraft.RouteTable.refreshLeader(RouteTable.java:255)
	at com.alibaba.nacos.core.distributed.raft.JRaftServer.refreshRouteTable(JRaftServer.java:496)
	at com.alibaba.nacos.core.distributed.raft.JRaftServer.lambda$createMultiRaftGroup$1(JRaftServer.java:269)
	at java.base/java.util.concurrent.Executors$RunnableAdapter.call(Executors.java:539)
	at java.base/java.util.concurrent.FutureTask.runAndReset(FutureTask.java:305)
	at java.base/java.util.concurrent.ScheduledThreadPoolExecutor$ScheduledFutureTask.run(ScheduledThreadPoolExecutor.java:305)
	at java.base/java.util.concurrent.ThreadPoolExecutor.runWorker(ThreadPoolExecutor.java:1136)
	at java.base/java.util.concurrent.ThreadPoolExecutor$Worker.run(ThreadPoolExecutor.java:635)
	at java.base/java.lang.Thread.run(Thread.java:833)
2023-08-10 11:04:50,539 ERROR Fail to refresh route configuration for group : naming_instance_metadata, status is : Status[UNKNOWN<-1>: null]

2023-08-10 11:04:50,539 ERROR Fail to refresh raft metadata info for group : naming_persistent_service_v2, error is : {}

java.util.concurrent.TimeoutException: null
	at com.alipay.sofa.jraft.rpc.impl.FutureImpl.get(FutureImpl.java:214)
	at com.alipay.sofa.jraft.RouteTable.refreshLeader(RouteTable.java:255)
	at com.alibaba.nacos.core.distributed.raft.JRaftServer.refreshRouteTable(JRaftServer.java:496)
	at com.alibaba.nacos.core.distributed.raft.JRaftServer.lambda$createMultiRaftGroup$1(JRaftServer.java:269)
	at java.base/java.util.concurrent.Executors$RunnableAdapter.call(Executors.java:539)
	at java.base/java.util.concurrent.FutureTask.runAndReset(FutureTask.java:305)
	at java.base/java.util.concurrent.ScheduledThreadPoolExecutor$ScheduledFutureTask.run(ScheduledThreadPoolExecutor.java:305)
	at java.base/java.util.concurrent.ThreadPoolExecutor.runWorker(ThreadPoolExecutor.java:1136)
	at java.base/java.util.concurrent.ThreadPoolExecutor$Worker.run(ThreadPoolExecutor.java:635)
	at java.base/java.lang.Thread.run(Thread.java:833)
2023-08-10 11:04:55,063 ERROR Fail to refresh raft metadata info for group : naming_service_metadata, error is : {}

java.util.concurrent.TimeoutException: null
	at com.alipay.sofa.jraft.rpc.impl.FutureImpl.get(FutureImpl.java:214)
	at com.alipay.sofa.jraft.RouteTable.refreshLeader(RouteTable.java:255)
	at com.alibaba.nacos.core.distributed.raft.JRaftServer.refreshRouteTable(JRaftServer.java:496)
	at com.alibaba.nacos.core.distributed.raft.JRaftServer.lambda$createMultiRaftGroup$1(JRaftServer.java:269)
	at java.base/java.util.concurrent.Executors$RunnableAdapter.call(Executors.java:539)
	at java.base/java.util.concurrent.FutureTask.runAndReset(FutureTask.java:305)
	at java.base/java.util.concurrent.ScheduledThreadPoolExecutor$ScheduledFutureTask.run(ScheduledThreadPoolExecutor.java:305)
	at java.base/java.util.concurrent.ThreadPoolExecutor.runWorker(ThreadPoolExecutor.java:1136)
	at java.base/java.util.concurrent.ThreadPoolExecutor$Worker.run(ThreadPoolExecutor.java:635)
	at java.base/java.lang.Thread.run(Thread.java:833)
2023-08-10 11:04:55,217 ERROR Fail to refresh leader for group : naming_persistent_service_v2, status is : Status[UNKNOWN<-1>: io.grpc.StatusRuntimeException: UNAVAILABLE: io exception]

2023-08-10 11:04:55,217 ERROR Fail to refresh leader for group : naming_instance_metadata, status is : Status[UNKNOWN<-1>: io.grpc.StatusRuntimeException: UNAVAILABLE: io exception]

2023-08-10 11:04:55,217 ERROR Fail to refresh leader for group : naming_service_metadata, status is : Status[UNKNOWN<-1>: io.grpc.StatusRuntimeException: UNAVAILABLE: io exception]

2023-08-10 11:19:43,961 ERROR Fail to refresh leader for group : naming_service_metadata, status is : Status[UNKNOWN<-1>: io.grpc.StatusRuntimeException: UNAVAILABLE: io exception]

2023-08-10 11:19:43,961 ERROR Fail to refresh leader for group : naming_instance_metadata, status is : Status[UNKNOWN<-1>: io.grpc.StatusRuntimeException: UNAVAILABLE: io exception]

2023-08-10 11:19:43,962 ERROR Fail to refresh route configuration for group : naming_service_metadata, status is : Status[UNKNOWN<-1>: io.grpc.StatusRuntimeException: UNAVAILABLE: Channel shutdown invoked]

2023-08-10 11:19:44,973 ERROR Fail to refresh route configuration for group : naming_instance_metadata, status is : Status[UNKNOWN<-1>: Fail to init channel to 192.168.202.1:7848]

2023-08-10 12:01:10,581 ERROR Fail to refresh raft metadata info for group : naming_persistent_service_v2, error is : {}

java.util.concurrent.TimeoutException: null
	at com.alipay.sofa.jraft.rpc.impl.FutureImpl.get(FutureImpl.java:214)
	at com.alipay.sofa.jraft.RouteTable.refreshLeader(RouteTable.java:255)
	at com.alibaba.nacos.core.distributed.raft.JRaftServer.refreshRouteTable(JRaftServer.java:496)
	at com.alibaba.nacos.core.distributed.raft.JRaftServer.lambda$createMultiRaftGroup$1(JRaftServer.java:269)
	at java.base/java.util.concurrent.Executors$RunnableAdapter.call(Executors.java:539)
	at java.base/java.util.concurrent.FutureTask.runAndReset(FutureTask.java:305)
	at java.base/java.util.concurrent.ScheduledThreadPoolExecutor$ScheduledFutureTask.run(ScheduledThreadPoolExecutor.java:305)
	at java.base/java.util.concurrent.ThreadPoolExecutor.runWorker(ThreadPoolExecutor.java:1136)
	at java.base/java.util.concurrent.ThreadPoolExecutor$Worker.run(ThreadPoolExecutor.java:635)
	at java.base/java.lang.Thread.run(Thread.java:833)
2023-08-10 12:01:10,581 ERROR Fail to refresh raft metadata info for group : naming_service_metadata, error is : {}

java.util.concurrent.TimeoutException: null
	at com.alipay.sofa.jraft.rpc.impl.FutureImpl.get(FutureImpl.java:214)
	at com.alipay.sofa.jraft.RouteTable.refreshLeader(RouteTable.java:255)
	at com.alibaba.nacos.core.distributed.raft.JRaftServer.refreshRouteTable(JRaftServer.java:496)
	at com.alibaba.nacos.core.distributed.raft.JRaftServer.lambda$createMultiRaftGroup$1(JRaftServer.java:269)
	at java.base/java.util.concurrent.Executors$RunnableAdapter.call(Executors.java:539)
	at java.base/java.util.concurrent.FutureTask.runAndReset(FutureTask.java:305)
	at java.base/java.util.concurrent.ScheduledThreadPoolExecutor$ScheduledFutureTask.run(ScheduledThreadPoolExecutor.java:305)
	at java.base/java.util.concurrent.ThreadPoolExecutor.runWorker(ThreadPoolExecutor.java:1136)
	at java.base/java.util.concurrent.ThreadPoolExecutor$Worker.run(ThreadPoolExecutor.java:635)
	at java.base/java.lang.Thread.run(Thread.java:833)
2023-08-10 12:01:10,581 ERROR Fail to refresh raft metadata info for group : naming_instance_metadata, error is : {}

java.util.concurrent.TimeoutException: null
	at com.alipay.sofa.jraft.rpc.impl.FutureImpl.get(FutureImpl.java:214)
	at com.alipay.sofa.jraft.RouteTable.refreshLeader(RouteTable.java:255)
	at com.alibaba.nacos.core.distributed.raft.JRaftServer.refreshRouteTable(JRaftServer.java:496)
	at com.alibaba.nacos.core.distributed.raft.JRaftServer.lambda$createMultiRaftGroup$1(JRaftServer.java:269)
	at java.base/java.util.concurrent.Executors$RunnableAdapter.call(Executors.java:539)
	at java.base/java.util.concurrent.FutureTask.runAndReset(FutureTask.java:305)
	at java.base/java.util.concurrent.ScheduledThreadPoolExecutor$ScheduledFutureTask.run(ScheduledThreadPoolExecutor.java:305)
	at java.base/java.util.concurrent.ThreadPoolExecutor.runWorker(ThreadPoolExecutor.java:1136)
	at java.base/java.util.concurrent.ThreadPoolExecutor$Worker.run(ThreadPoolExecutor.java:635)
	at java.base/java.lang.Thread.run(Thread.java:833)
2023-08-10 12:01:15,595 ERROR Fail to refresh raft metadata info for group : naming_instance_metadata, error is : {}

java.util.concurrent.TimeoutException: null
	at com.alipay.sofa.jraft.rpc.impl.FutureImpl.get(FutureImpl.java:214)
	at com.alipay.sofa.jraft.RouteTable.refreshLeader(RouteTable.java:255)
	at com.alibaba.nacos.core.distributed.raft.JRaftServer.refreshRouteTable(JRaftServer.java:496)
	at com.alibaba.nacos.core.distributed.raft.JRaftServer.lambda$createMultiRaftGroup$1(JRaftServer.java:269)
	at java.base/java.util.concurrent.Executors$RunnableAdapter.call(Executors.java:539)
	at java.base/java.util.concurrent.FutureTask.runAndReset(FutureTask.java:305)
	at java.base/java.util.concurrent.ScheduledThreadPoolExecutor$ScheduledFutureTask.run(ScheduledThreadPoolExecutor.java:305)
	at java.base/java.util.concurrent.ThreadPoolExecutor.runWorker(ThreadPoolExecutor.java:1136)
	at java.base/java.util.concurrent.ThreadPoolExecutor$Worker.run(ThreadPoolExecutor.java:635)
	at java.base/java.lang.Thread.run(Thread.java:833)
2023-08-10 12:01:15,595 ERROR Fail to refresh raft metadata info for group : naming_service_metadata, error is : {}

java.util.concurrent.TimeoutException: null
	at com.alipay.sofa.jraft.rpc.impl.FutureImpl.get(FutureImpl.java:214)
	at com.alipay.sofa.jraft.RouteTable.refreshLeader(RouteTable.java:255)
	at com.alibaba.nacos.core.distributed.raft.JRaftServer.refreshRouteTable(JRaftServer.java:496)
	at com.alibaba.nacos.core.distributed.raft.JRaftServer.lambda$createMultiRaftGroup$1(JRaftServer.java:269)
	at java.base/java.util.concurrent.Executors$RunnableAdapter.call(Executors.java:539)
	at java.base/java.util.concurrent.FutureTask.runAndReset(FutureTask.java:305)
	at java.base/java.util.concurrent.ScheduledThreadPoolExecutor$ScheduledFutureTask.run(ScheduledThreadPoolExecutor.java:305)
	at java.base/java.util.concurrent.ThreadPoolExecutor.runWorker(ThreadPoolExecutor.java:1136)
	at java.base/java.util.concurrent.ThreadPoolExecutor$Worker.run(ThreadPoolExecutor.java:635)
	at java.base/java.lang.Thread.run(Thread.java:833)
2023-08-10 12:01:15,595 ERROR Fail to refresh raft metadata info for group : naming_persistent_service_v2, error is : {}

java.util.concurrent.TimeoutException: null
	at com.alipay.sofa.jraft.rpc.impl.FutureImpl.get(FutureImpl.java:214)
	at com.alipay.sofa.jraft.RouteTable.refreshLeader(RouteTable.java:255)
	at com.alibaba.nacos.core.distributed.raft.JRaftServer.refreshRouteTable(JRaftServer.java:496)
	at com.alibaba.nacos.core.distributed.raft.JRaftServer.lambda$createMultiRaftGroup$1(JRaftServer.java:269)
	at java.base/java.util.concurrent.Executors$RunnableAdapter.call(Executors.java:539)
	at java.base/java.util.concurrent.FutureTask.runAndReset(FutureTask.java:305)
	at java.base/java.util.concurrent.ScheduledThreadPoolExecutor$ScheduledFutureTask.run(ScheduledThreadPoolExecutor.java:305)
	at java.base/java.util.concurrent.ThreadPoolExecutor.runWorker(ThreadPoolExecutor.java:1136)
	at java.base/java.util.concurrent.ThreadPoolExecutor$Worker.run(ThreadPoolExecutor.java:635)
	at java.base/java.lang.Thread.run(Thread.java:833)
2023-08-10 12:01:20,609 ERROR Fail to refresh raft metadata info for group : naming_instance_metadata, error is : {}

java.util.concurrent.TimeoutException: null
	at com.alipay.sofa.jraft.rpc.impl.FutureImpl.get(FutureImpl.java:214)
	at com.alipay.sofa.jraft.RouteTable.refreshLeader(RouteTable.java:255)
	at com.alibaba.nacos.core.distributed.raft.JRaftServer.refreshRouteTable(JRaftServer.java:496)
	at com.alibaba.nacos.core.distributed.raft.JRaftServer.lambda$createMultiRaftGroup$1(JRaftServer.java:269)
	at java.base/java.util.concurrent.Executors$RunnableAdapter.call(Executors.java:539)
	at java.base/java.util.concurrent.FutureTask.runAndReset(FutureTask.java:305)
	at java.base/java.util.concurrent.ScheduledThreadPoolExecutor$ScheduledFutureTask.run(ScheduledThreadPoolExecutor.java:305)
	at java.base/java.util.concurrent.ThreadPoolExecutor.runWorker(ThreadPoolExecutor.java:1136)
	at java.base/java.util.concurrent.ThreadPoolExecutor$Worker.run(ThreadPoolExecutor.java:635)
	at java.base/java.lang.Thread.run(Thread.java:833)
2023-08-10 12:01:20,609 ERROR Fail to refresh raft metadata info for group : naming_service_metadata, error is : {}

java.util.concurrent.TimeoutException: null
	at com.alipay.sofa.jraft.rpc.impl.FutureImpl.get(FutureImpl.java:214)
	at com.alipay.sofa.jraft.RouteTable.refreshLeader(RouteTable.java:255)
	at com.alibaba.nacos.core.distributed.raft.JRaftServer.refreshRouteTable(JRaftServer.java:496)
	at com.alibaba.nacos.core.distributed.raft.JRaftServer.lambda$createMultiRaftGroup$1(JRaftServer.java:269)
	at java.base/java.util.concurrent.Executors$RunnableAdapter.call(Executors.java:539)
	at java.base/java.util.concurrent.FutureTask.runAndReset(FutureTask.java:305)
	at java.base/java.util.concurrent.ScheduledThreadPoolExecutor$ScheduledFutureTask.run(ScheduledThreadPoolExecutor.java:305)
	at java.base/java.util.concurrent.ThreadPoolExecutor.runWorker(ThreadPoolExecutor.java:1136)
	at java.base/java.util.concurrent.ThreadPoolExecutor$Worker.run(ThreadPoolExecutor.java:635)
	at java.base/java.lang.Thread.run(Thread.java:833)
2023-08-10 12:01:20,609 ERROR Fail to refresh raft metadata info for group : naming_persistent_service_v2, error is : {}

java.util.concurrent.TimeoutException: null
	at com.alipay.sofa.jraft.rpc.impl.FutureImpl.get(FutureImpl.java:214)
	at com.alipay.sofa.jraft.RouteTable.refreshLeader(RouteTable.java:255)
	at com.alibaba.nacos.core.distributed.raft.JRaftServer.refreshRouteTable(JRaftServer.java:496)
	at com.alibaba.nacos.core.distributed.raft.JRaftServer.lambda$createMultiRaftGroup$1(JRaftServer.java:269)
	at java.base/java.util.concurrent.Executors$RunnableAdapter.call(Executors.java:539)
	at java.base/java.util.concurrent.FutureTask.runAndReset(FutureTask.java:305)
	at java.base/java.util.concurrent.ScheduledThreadPoolExecutor$ScheduledFutureTask.run(ScheduledThreadPoolExecutor.java:305)
	at java.base/java.util.concurrent.ThreadPoolExecutor.runWorker(ThreadPoolExecutor.java:1136)
	at java.base/java.util.concurrent.ThreadPoolExecutor$Worker.run(ThreadPoolExecutor.java:635)
	at java.base/java.lang.Thread.run(Thread.java:833)
2023-08-10 12:01:23,799 ERROR Fail to refresh leader for group : naming_instance_metadata, status is : Status[UNKNOWN<-1>: io.grpc.StatusRuntimeException: UNAVAILABLE: io exception]

2023-08-10 12:01:23,799 ERROR Fail to refresh leader for group : naming_service_metadata, status is : Status[UNKNOWN<-1>: io.grpc.StatusRuntimeException: UNAVAILABLE: io exception]

2023-08-10 12:01:23,799 ERROR Fail to refresh leader for group : naming_persistent_service_v2, status is : Status[UNKNOWN<-1>: io.grpc.StatusRuntimeException: UNAVAILABLE: io exception]

2023-08-10 13:41:14,137 INFO Initializes the Raft protocol, raft-config info : {}

2023-08-10 13:41:14,329 INFO ========= The raft protocol is starting... =========

2023-08-10 13:41:14,349 INFO ========= The raft protocol start finished... =========

2023-08-10 13:41:14,376 INFO create raft group : naming_persistent_service_v2

2023-08-10 13:41:14,671 INFO snapshot start to load from : D:\web\Cloud_Demo\Spring_Cloud_Demo\nacos-server\nacos\data\protocol\raft\naming_persistent_service_v2\snapshot\snapshot_4

2023-08-10 13:41:14,679 INFO snapshot success to load from : D:\web\Cloud_Demo\Spring_Cloud_Demo\nacos-server\nacos\data\protocol\raft\naming_persistent_service_v2\snapshot\snapshot_4

2023-08-10 13:41:14,679 INFO This Raft event changes : RaftEvent{groupId='naming_persistent_service_v2', leader='null', term=null, raftClusterInfo=[192.168.202.1:7848]}

2023-08-10 13:41:14,713 INFO This Raft event changes : RaftEvent{groupId='naming_persistent_service_v2', leader='192.168.202.1:7848', term=5, raftClusterInfo=[192.168.202.1:7848]}

2023-08-10 13:41:14,743 INFO create raft group : naming_instance_metadata

2023-08-10 13:41:14,786 INFO This Raft event changes : RaftEvent{groupId='naming_instance_metadata', leader='null', term=null, raftClusterInfo=[192.168.202.1:7848]}

2023-08-10 13:41:14,792 INFO This Raft event changes : RaftEvent{groupId='naming_instance_metadata', leader='192.168.202.1:7848', term=5, raftClusterInfo=[192.168.202.1:7848]}

2023-08-10 13:41:14,795 INFO create raft group : naming_service_metadata

2023-08-10 13:41:14,839 INFO This Raft event changes : RaftEvent{groupId='naming_service_metadata', leader='null', term=null, raftClusterInfo=[192.168.202.1:7848]}

2023-08-10 13:41:14,845 INFO This Raft event changes : RaftEvent{groupId='naming_service_metadata', leader='192.168.202.1:7848', term=5, raftClusterInfo=[192.168.202.1:7848]}

2023-08-10 15:35:12,174 ERROR Fail to refresh leader for group : naming_instance_metadata, status is : Status[UNKNOWN<-1>: io.grpc.StatusRuntimeException: UNAVAILABLE: io exception]

2023-08-10 15:39:01,438 ERROR Fail to refresh leader for group : naming_persistent_service_v2, status is : Status[UNKNOWN<-1>: io.grpc.StatusRuntimeException: UNAVAILABLE: io exception]

2023-08-10 15:39:01,438 ERROR Fail to refresh route configuration for group : naming_instance_metadata, status is : Status[UNKNOWN<-1>: io.grpc.StatusRuntimeException: UNAVAILABLE: io exception]

2023-08-10 15:39:01,438 ERROR Fail to refresh leader for group : naming_service_metadata, status is : Status[UNKNOWN<-1>: io.grpc.StatusRuntimeException: UNAVAILABLE: io exception]

2023-08-10 15:39:02,444 ERROR Fail to refresh route configuration for group : naming_persistent_service_v2, status is : Status[UNKNOWN<-1>: Fail to init channel to 192.168.202.1:7848]

2023-08-10 15:39:02,466 ERROR Fail to refresh route configuration for group : naming_service_metadata, status is : Status[UNKNOWN<-1>: Fail to init channel to 192.168.202.1:7848]

2023-08-10 15:39:02,466 ERROR Fail to refresh leader for group : naming_instance_metadata, status is : Status[UNKNOWN<-1>: Fail to init channel to 192.168.202.1:7848]

2023-08-10 15:39:07,452 ERROR Fail to refresh raft metadata info for group : naming_persistent_service_v2, error is : {}

java.util.concurrent.TimeoutException: null
	at com.alipay.sofa.jraft.rpc.impl.FutureImpl.get(FutureImpl.java:214)
	at com.alipay.sofa.jraft.RouteTable.refreshLeader(RouteTable.java:255)
	at com.alibaba.nacos.core.distributed.raft.JRaftServer.refreshRouteTable(JRaftServer.java:496)
	at com.alibaba.nacos.core.distributed.raft.JRaftServer.lambda$createMultiRaftGroup$1(JRaftServer.java:269)
	at java.base/java.util.concurrent.Executors$RunnableAdapter.call(Executors.java:539)
	at java.base/java.util.concurrent.FutureTask.runAndReset(FutureTask.java:305)
	at java.base/java.util.concurrent.ScheduledThreadPoolExecutor$ScheduledFutureTask.run(ScheduledThreadPoolExecutor.java:305)
	at java.base/java.util.concurrent.ThreadPoolExecutor.runWorker(ThreadPoolExecutor.java:1136)
	at java.base/java.util.concurrent.ThreadPoolExecutor$Worker.run(ThreadPoolExecutor.java:635)
	at java.base/java.lang.Thread.run(Thread.java:833)
2023-08-10 15:39:07,468 ERROR Fail to refresh route configuration for group : naming_instance_metadata, status is : Status[UNKNOWN<-1>: null]

2023-08-10 15:39:07,468 ERROR Fail to refresh raft metadata info for group : naming_service_metadata, error is : {}

java.util.concurrent.TimeoutException: null
	at com.alipay.sofa.jraft.rpc.impl.FutureImpl.get(FutureImpl.java:214)
	at com.alipay.sofa.jraft.RouteTable.refreshLeader(RouteTable.java:255)
	at com.alibaba.nacos.core.distributed.raft.JRaftServer.refreshRouteTable(JRaftServer.java:496)
	at com.alibaba.nacos.core.distributed.raft.JRaftServer.lambda$createMultiRaftGroup$1(JRaftServer.java:269)
	at java.base/java.util.concurrent.Executors$RunnableAdapter.call(Executors.java:539)
	at java.base/java.util.concurrent.FutureTask.runAndReset(FutureTask.java:305)
	at java.base/java.util.concurrent.ScheduledThreadPoolExecutor$ScheduledFutureTask.run(ScheduledThreadPoolExecutor.java:305)
	at java.base/java.util.concurrent.ThreadPoolExecutor.runWorker(ThreadPoolExecutor.java:1136)
	at java.base/java.util.concurrent.ThreadPoolExecutor$Worker.run(ThreadPoolExecutor.java:635)
	at java.base/java.lang.Thread.run(Thread.java:833)
2023-08-10 15:39:12,461 ERROR Fail to refresh raft metadata info for group : naming_persistent_service_v2, error is : {}

java.util.concurrent.TimeoutException: null
	at com.alipay.sofa.jraft.rpc.impl.FutureImpl.get(FutureImpl.java:214)
	at com.alipay.sofa.jraft.RouteTable.refreshLeader(RouteTable.java:255)
	at com.alibaba.nacos.core.distributed.raft.JRaftServer.refreshRouteTable(JRaftServer.java:496)
	at com.alibaba.nacos.core.distributed.raft.JRaftServer.lambda$createMultiRaftGroup$1(JRaftServer.java:269)
	at java.base/java.util.concurrent.Executors$RunnableAdapter.call(Executors.java:539)
	at java.base/java.util.concurrent.FutureTask.runAndReset(FutureTask.java:305)
	at java.base/java.util.concurrent.ScheduledThreadPoolExecutor$ScheduledFutureTask.run(ScheduledThreadPoolExecutor.java:305)
	at java.base/java.util.concurrent.ThreadPoolExecutor.runWorker(ThreadPoolExecutor.java:1136)
	at java.base/java.util.concurrent.ThreadPoolExecutor$Worker.run(ThreadPoolExecutor.java:635)
	at java.base/java.lang.Thread.run(Thread.java:833)
2023-08-10 15:39:12,477 ERROR Fail to refresh raft metadata info for group : naming_service_metadata, error is : {}

java.util.concurrent.TimeoutException: null
	at com.alipay.sofa.jraft.rpc.impl.FutureImpl.get(FutureImpl.java:214)
	at com.alipay.sofa.jraft.RouteTable.refreshLeader(RouteTable.java:255)
	at com.alibaba.nacos.core.distributed.raft.JRaftServer.refreshRouteTable(JRaftServer.java:496)
	at com.alibaba.nacos.core.distributed.raft.JRaftServer.lambda$createMultiRaftGroup$1(JRaftServer.java:269)
	at java.base/java.util.concurrent.Executors$RunnableAdapter.call(Executors.java:539)
	at java.base/java.util.concurrent.FutureTask.runAndReset(FutureTask.java:305)
	at java.base/java.util.concurrent.ScheduledThreadPoolExecutor$ScheduledFutureTask.run(ScheduledThreadPoolExecutor.java:305)
	at java.base/java.util.concurrent.ThreadPoolExecutor.runWorker(ThreadPoolExecutor.java:1136)
	at java.base/java.util.concurrent.ThreadPoolExecutor$Worker.run(ThreadPoolExecutor.java:635)
	at java.base/java.lang.Thread.run(Thread.java:833)
2023-08-10 15:39:12,477 ERROR Fail to refresh raft metadata info for group : naming_instance_metadata, error is : {}

java.util.concurrent.TimeoutException: null
	at com.alipay.sofa.jraft.rpc.impl.FutureImpl.get(FutureImpl.java:214)
	at com.alipay.sofa.jraft.RouteTable.refreshLeader(RouteTable.java:255)
	at com.alibaba.nacos.core.distributed.raft.JRaftServer.refreshRouteTable(JRaftServer.java:496)
	at com.alibaba.nacos.core.distributed.raft.JRaftServer.lambda$createMultiRaftGroup$1(JRaftServer.java:269)
	at java.base/java.util.concurrent.Executors$RunnableAdapter.call(Executors.java:539)
	at java.base/java.util.concurrent.FutureTask.runAndReset(FutureTask.java:305)
	at java.base/java.util.concurrent.ScheduledThreadPoolExecutor$ScheduledFutureTask.run(ScheduledThreadPoolExecutor.java:305)
	at java.base/java.util.concurrent.ThreadPoolExecutor.runWorker(ThreadPoolExecutor.java:1136)
	at java.base/java.util.concurrent.ThreadPoolExecutor$Worker.run(ThreadPoolExecutor.java:635)
	at java.base/java.lang.Thread.run(Thread.java:833)
2023-08-10 15:39:17,462 ERROR Fail to refresh raft metadata info for group : naming_persistent_service_v2, error is : {}

java.util.concurrent.TimeoutException: null
	at com.alipay.sofa.jraft.rpc.impl.FutureImpl.get(FutureImpl.java:214)
	at com.alipay.sofa.jraft.RouteTable.refreshLeader(RouteTable.java:255)
	at com.alibaba.nacos.core.distributed.raft.JRaftServer.refreshRouteTable(JRaftServer.java:496)
	at com.alibaba.nacos.core.distributed.raft.JRaftServer.lambda$createMultiRaftGroup$1(JRaftServer.java:269)
	at java.base/java.util.concurrent.Executors$RunnableAdapter.call(Executors.java:539)
	at java.base/java.util.concurrent.FutureTask.runAndReset(FutureTask.java:305)
	at java.base/java.util.concurrent.ScheduledThreadPoolExecutor$ScheduledFutureTask.run(ScheduledThreadPoolExecutor.java:305)
	at java.base/java.util.concurrent.ThreadPoolExecutor.runWorker(ThreadPoolExecutor.java:1136)
	at java.base/java.util.concurrent.ThreadPoolExecutor$Worker.run(ThreadPoolExecutor.java:635)
	at java.base/java.lang.Thread.run(Thread.java:833)
2023-08-10 15:39:17,478 ERROR Fail to refresh raft metadata info for group : naming_service_metadata, error is : {}

java.util.concurrent.TimeoutException: null
	at com.alipay.sofa.jraft.rpc.impl.FutureImpl.get(FutureImpl.java:214)
	at com.alipay.sofa.jraft.RouteTable.refreshLeader(RouteTable.java:255)
	at com.alibaba.nacos.core.distributed.raft.JRaftServer.refreshRouteTable(JRaftServer.java:496)
	at com.alibaba.nacos.core.distributed.raft.JRaftServer.lambda$createMultiRaftGroup$1(JRaftServer.java:269)
	at java.base/java.util.concurrent.Executors$RunnableAdapter.call(Executors.java:539)
	at java.base/java.util.concurrent.FutureTask.runAndReset(FutureTask.java:305)
	at java.base/java.util.concurrent.ScheduledThreadPoolExecutor$ScheduledFutureTask.run(ScheduledThreadPoolExecutor.java:305)
	at java.base/java.util.concurrent.ThreadPoolExecutor.runWorker(ThreadPoolExecutor.java:1136)
	at java.base/java.util.concurrent.ThreadPoolExecutor$Worker.run(ThreadPoolExecutor.java:635)
	at java.base/java.lang.Thread.run(Thread.java:833)
2023-08-10 15:39:17,478 ERROR Fail to refresh raft metadata info for group : naming_instance_metadata, error is : {}

java.util.concurrent.TimeoutException: null
	at com.alipay.sofa.jraft.rpc.impl.FutureImpl.get(FutureImpl.java:214)
	at com.alipay.sofa.jraft.RouteTable.refreshLeader(RouteTable.java:255)
	at com.alibaba.nacos.core.distributed.raft.JRaftServer.refreshRouteTable(JRaftServer.java:496)
	at com.alibaba.nacos.core.distributed.raft.JRaftServer.lambda$createMultiRaftGroup$1(JRaftServer.java:269)
	at java.base/java.util.concurrent.Executors$RunnableAdapter.call(Executors.java:539)
	at java.base/java.util.concurrent.FutureTask.runAndReset(FutureTask.java:305)
	at java.base/java.util.concurrent.ScheduledThreadPoolExecutor$ScheduledFutureTask.run(ScheduledThreadPoolExecutor.java:305)
	at java.base/java.util.concurrent.ThreadPoolExecutor.runWorker(ThreadPoolExecutor.java:1136)
	at java.base/java.util.concurrent.ThreadPoolExecutor$Worker.run(ThreadPoolExecutor.java:635)
	at java.base/java.lang.Thread.run(Thread.java:833)
2023-08-10 15:39:22,474 ERROR Fail to refresh raft metadata info for group : naming_persistent_service_v2, error is : {}

java.util.concurrent.TimeoutException: null
	at com.alipay.sofa.jraft.rpc.impl.FutureImpl.get(FutureImpl.java:214)
	at com.alipay.sofa.jraft.RouteTable.refreshLeader(RouteTable.java:255)
	at com.alibaba.nacos.core.distributed.raft.JRaftServer.refreshRouteTable(JRaftServer.java:496)
	at com.alibaba.nacos.core.distributed.raft.JRaftServer.lambda$createMultiRaftGroup$1(JRaftServer.java:269)
	at java.base/java.util.concurrent.Executors$RunnableAdapter.call(Executors.java:539)
	at java.base/java.util.concurrent.FutureTask.runAndReset(FutureTask.java:305)
	at java.base/java.util.concurrent.ScheduledThreadPoolExecutor$ScheduledFutureTask.run(ScheduledThreadPoolExecutor.java:305)
	at java.base/java.util.concurrent.ThreadPoolExecutor.runWorker(ThreadPoolExecutor.java:1136)
	at java.base/java.util.concurrent.ThreadPoolExecutor$Worker.run(ThreadPoolExecutor.java:635)
	at java.base/java.lang.Thread.run(Thread.java:833)
2023-08-10 15:39:22,474 ERROR Fail to refresh leader for group : naming_instance_metadata, status is : Status[UNKNOWN<-1>: io.grpc.StatusRuntimeException: UNAVAILABLE: io exception]

2023-08-10 15:39:22,474 ERROR Fail to refresh leader for group : naming_service_metadata, status is : Status[UNKNOWN<-1>: io.grpc.StatusRuntimeException: UNAVAILABLE: io exception]

2023-08-10 15:39:22,474 ERROR Fail to refresh leader for group : naming_persistent_service_v2, status is : Status[UNKNOWN<-1>: io.grpc.StatusRuntimeException: UNAVAILABLE: io exception]

2023-08-10 15:39:22,475 ERROR Fail to refresh route configuration for group : naming_instance_metadata, status is : Status[UNKNOWN<-1>: io.grpc.StatusRuntimeException: UNAVAILABLE: io exception]

